  [4;36;1mSQL (0.3ms)[0m   [0;1mSET client_min_messages TO 'panic'[0m
  [4;35;1mSQL (0.3ms)[0m   [0mSET client_min_messages TO 'notice'[0m


Processing DesktopController#index (for 127.0.0.1 at 2010-04-15 17:53:25) [GET]
Rendering desktop/index
Completed in 60ms (View: 56, DB: 1) | 200 OK [http://localhost/desktop]
  [4;36;1mSQL (0.3ms)[0m   [0;1mSET client_min_messages TO 'panic'[0m
  [4;35;1mSQL (0.2ms)[0m   [0mSET client_min_messages TO 'notice'[0m


Processing DesktopController#pesquisar (for 127.0.0.1 at 2010-04-15 17:53:34) [GET]
Rendering desktop/pesquisar
Completed in 11ms (View: 8, DB: 1) | 200 OK [http://localhost/desktop/pesquisar]
  [4;36;1mSQL (0.3ms)[0m   [0;1mSET client_min_messages TO 'panic'[0m
  [4;35;1mSQL (0.3ms)[0m   [0mSET client_min_messages TO 'notice'[0m


Processing DesktopController#sugestao (for 127.0.0.1 at 2010-04-15 17:53:41) [GET]
Rendering desktop/sugestao
Completed in 20ms (View: 17, DB: 1) | 200 OK [http://localhost/desktop/sugestao]
  [4;36;1mSQL (0.3ms)[0m   [0;1mSET client_min_messages TO 'panic'[0m
  [4;35;1mSQL (0.3ms)[0m   [0mSET client_min_messages TO 'notice'[0m


Processing DesktopController#index (for 127.0.0.1 at 2010-04-15 17:58:47) [GET]
Rendering desktop/index
Completed in 85ms (View: 82, DB: 1) | 200 OK [http://localhost/desktop/]
  [4;36;1mSQL (0.3ms)[0m   [0;1mSET client_min_messages TO 'panic'[0m
  [4;35;1mSQL (0.2ms)[0m   [0mSET client_min_messages TO 'notice'[0m


Processing DesktopController#index (for 127.0.0.1 at 2010-04-15 17:59:19) [GET]
Rendering desktop/index
Completed in 13ms (View: 10, DB: 1) | 200 OK [http://localhost/desktop/]
  [4;36;1mSQL (0.3ms)[0m   [0;1mSET client_min_messages TO 'panic'[0m
  [4;35;1mSQL (0.2ms)[0m   [0mSET client_min_messages TO 'notice'[0m


Processing DesktopController#index (for 127.0.0.1 at 2010-04-15 18:01:25) [GET]
Rendering desktop/index

ActionView::TemplateError (undefined local variable or method `pesquisar_path' for #<ActionView::Base:0xb7513300>) on line #3 of app/views/desktop/index.html.erb:
1: <h1>Desktop#index teste</h1>
2: <p>Find me in app/views/desktop/index.html.erb</p>
3: <% form_tag(pesquisar_path, :method => "post") do %>
4: <%= check_box_tag(:pet_dog) %>
5: <%= label_tag(:pet_dog, "I own a dog") %>
6: <%= label_tag(:q, "Search for:") %>

    app/views/desktop/index.html.erb:3
    /usr/lib/ruby/1.8/webrick/httpserver.rb:104:in `service'
    /usr/lib/ruby/1.8/webrick/httpserver.rb:65:in `run'
    /usr/lib/ruby/1.8/webrick/server.rb:173:in `start_thread'
    /usr/lib/ruby/1.8/webrick/server.rb:162:in `start'
    /usr/lib/ruby/1.8/webrick/server.rb:162:in `start_thread'
    /usr/lib/ruby/1.8/webrick/server.rb:95:in `start'
    /usr/lib/ruby/1.8/webrick/server.rb:92:in `each'
    /usr/lib/ruby/1.8/webrick/server.rb:92:in `start'
    /usr/lib/ruby/1.8/webrick/server.rb:23:in `start'
    /usr/lib/ruby/1.8/webrick/server.rb:82:in `start'

Rendered rescues/_trace (66.9ms)
Rendered rescues/_request_and_response (1.9ms)
Rendering rescues/layout (internal_server_error)
  [4;36;1mSQL (0.3ms)[0m   [0;1mSET client_min_messages TO 'panic'[0m
  [4;35;1mSQL (3.2ms)[0m   [0mSET client_min_messages TO 'notice'[0m


Processing ApplicationController#index (for 127.0.0.1 at 2010-04-15 18:02:58) [GET]

ActionController::RoutingError (No route matches "/desktop/" with {:method=>:get}):
  /usr/lib/ruby/1.8/webrick/httpserver.rb:104:in `service'
  /usr/lib/ruby/1.8/webrick/httpserver.rb:65:in `run'
  /usr/lib/ruby/1.8/webrick/server.rb:173:in `start_thread'
  /usr/lib/ruby/1.8/webrick/server.rb:162:in `start'
  /usr/lib/ruby/1.8/webrick/server.rb:162:in `start_thread'
  /usr/lib/ruby/1.8/webrick/server.rb:95:in `start'
  /usr/lib/ruby/1.8/webrick/server.rb:92:in `each'
  /usr/lib/ruby/1.8/webrick/server.rb:92:in `start'
  /usr/lib/ruby/1.8/webrick/server.rb:23:in `start'
  /usr/lib/ruby/1.8/webrick/server.rb:82:in `start'

Rendering rescues/layout (not_found)
  [4;36;1mSQL (0.3ms)[0m   [0;1mSET client_min_messages TO 'panic'[0m
  [4;35;1mSQL (0.3ms)[0m   [0mSET client_min_messages TO 'notice'[0m


Processing ApplicationController#index (for 127.0.0.1 at 2010-04-15 18:03:01) [GET]

ActionController::RoutingError (No route matches "/desktop/" with {:method=>:get}):
  /usr/lib/ruby/1.8/webrick/httpserver.rb:104:in `service'
  /usr/lib/ruby/1.8/webrick/httpserver.rb:65:in `run'
  /usr/lib/ruby/1.8/webrick/server.rb:173:in `start_thread'
  /usr/lib/ruby/1.8/webrick/server.rb:162:in `start'
  /usr/lib/ruby/1.8/webrick/server.rb:162:in `start_thread'
  /usr/lib/ruby/1.8/webrick/server.rb:95:in `start'
  /usr/lib/ruby/1.8/webrick/server.rb:92:in `each'
  /usr/lib/ruby/1.8/webrick/server.rb:92:in `start'
  /usr/lib/ruby/1.8/webrick/server.rb:23:in `start'
  /usr/lib/ruby/1.8/webrick/server.rb:82:in `start'

Rendering rescues/layout (not_found)
  [4;36;1mSQL (0.3ms)[0m   [0;1mSET client_min_messages TO 'panic'[0m
  [4;35;1mSQL (0.2ms)[0m   [0mSET client_min_messages TO 'notice'[0m


Processing ApplicationController#index (for 127.0.0.1 at 2010-04-15 18:03:10) [GET]

ActionController::RoutingError (No route matches "/desktop/" with {:method=>:get}):
  /usr/lib/ruby/1.8/webrick/httpserver.rb:104:in `service'
  /usr/lib/ruby/1.8/webrick/httpserver.rb:65:in `run'
  /usr/lib/ruby/1.8/webrick/server.rb:173:in `start_thread'
  /usr/lib/ruby/1.8/webrick/server.rb:162:in `start'
  /usr/lib/ruby/1.8/webrick/server.rb:162:in `start_thread'
  /usr/lib/ruby/1.8/webrick/server.rb:95:in `start'
  /usr/lib/ruby/1.8/webrick/server.rb:92:in `each'
  /usr/lib/ruby/1.8/webrick/server.rb:92:in `start'
  /usr/lib/ruby/1.8/webrick/server.rb:23:in `start'
  /usr/lib/ruby/1.8/webrick/server.rb:82:in `start'

Rendering rescues/layout (not_found)
  [4;36;1mSQL (1.6ms)[0m   [0;1mSET client_min_messages TO 'panic'[0m
  [4;35;1mSQL (0.3ms)[0m   [0mSET client_min_messages TO 'notice'[0m


Processing DesktopController#index (for 127.0.0.1 at 2010-04-15 18:19:15) [GET]
Rendering desktop/index
Completed in 39ms (View: 35, DB: 2) | 200 OK [http://localhost/desktop/]
  [4;36;1mSQL (0.3ms)[0m   [0;1mSET client_min_messages TO 'panic'[0m
  [4;35;1mSQL (0.3ms)[0m   [0mSET client_min_messages TO 'notice'[0m


Processing DesktopController#pesquisar (for 127.0.0.1 at 2010-04-15 18:19:30) [POST]
  Parameters: {"commit"=>"Search", "authenticity_token"=>"h9+nicBymxEszB3BO+Btg4dMuT+3Bmvcbyf8ZEhvcbY=", "q"=>"", "pet_dog"=>"1"}
Rendering desktop/pesquisar
Completed in 11ms (View: 7, DB: 1) | 200 OK [http://localhost/pesquisar]
  [4;36;1mSQL (0.3ms)[0m   [0;1mSET client_min_messages TO 'panic'[0m
  [4;35;1mSQL (0.2ms)[0m   [0mSET client_min_messages TO 'notice'[0m


Processing DesktopController#pesquisar (for 127.0.0.1 at 2010-04-15 18:22:53) [POST]
  Parameters: {"commit"=>"Search", "authenticity_token"=>"h9+nicBymxEszB3BO+Btg4dMuT+3Bmvcbyf8ZEhvcbY=", "q"=>"dfsf", "pet_dog"=>"1"}
Rendering desktop/pesquisar
Completed in 12ms (View: 9, DB: 1) | 200 OK [http://localhost/pesquisar]
  [4;36;1mSQL (0.3ms)[0m   [0;1mSET client_min_messages TO 'panic'[0m
  [4;35;1mSQL (0.2ms)[0m   [0mSET client_min_messages TO 'notice'[0m


Processing DesktopController#pesquisar (for 127.0.0.1 at 2010-04-15 18:23:09) [POST]
  Parameters: {"commit"=>"Search", "authenticity_token"=>"h9+nicBymxEszB3BO+Btg4dMuT+3Bmvcbyf8ZEhvcbY=", "q"=>"dfsf", "pet_dog"=>"1"}
Rendering desktop/pesquisar

ActionView::TemplateError (undefined method `q' for nil:NilClass) on line #5 of app/views/desktop/pesquisar.html.erb:
2: <p>Find me in app/views/desktop/pesquisar.html.erb</p>
3: 
4: 
5: <%= @pesquisar.q %>

    app/views/desktop/pesquisar.html.erb:5
    /usr/lib/ruby/1.8/webrick/httpserver.rb:104:in `service'
    /usr/lib/ruby/1.8/webrick/httpserver.rb:65:in `run'
    /usr/lib/ruby/1.8/webrick/server.rb:173:in `start_thread'
    /usr/lib/ruby/1.8/webrick/server.rb:162:in `start'
    /usr/lib/ruby/1.8/webrick/server.rb:162:in `start_thread'
    /usr/lib/ruby/1.8/webrick/server.rb:95:in `start'
    /usr/lib/ruby/1.8/webrick/server.rb:92:in `each'
    /usr/lib/ruby/1.8/webrick/server.rb:92:in `start'
    /usr/lib/ruby/1.8/webrick/server.rb:23:in `start'
    /usr/lib/ruby/1.8/webrick/server.rb:82:in `start'

Rendered rescues/_trace (156.4ms)
Rendered rescues/_request_and_response (1.9ms)
Rendering rescues/layout (internal_server_error)
  [4;36;1mSQL (0.3ms)[0m   [0;1mSET client_min_messages TO 'panic'[0m
  [4;35;1mSQL (0.3ms)[0m   [0mSET client_min_messages TO 'notice'[0m


Processing DesktopController#index (for 127.0.0.1 at 2010-04-15 18:28:41) [GET]
Rendering desktop/index
ERROR: compiling _run_erb_app47views47desktop47index46html46erb RAISED compile error
/home/jqn/sistema/pcideal/app/views/desktop/index.html.erb:15: syntax error, unexpected kENSURE, expecting $end
Function body:           def _run_erb_app47views47desktop47index46html46erb(local_assigns)
            old_output_buffer = output_buffer;;@output_buffer = '';  __in_erb_template=true ; @output_buffer.concat "<h1>Desktop#index teste</h1>\n<p>Find me in app/views/desktop/index.html.erb</p>\n\n"


;  form_for(:pesquisa, @pesquisa, :url => pesquisar_path) ; @output_buffer.concat "\n"
; @output_buffer.concat(( check_box_tag(:pet_dog) ).to_s); @output_buffer.concat "\n"
; @output_buffer.concat(( label_tag(:pet_dog, "I own a dog") ).to_s); @output_buffer.concat "\n"
; @output_buffer.concat(( label_tag(:q, "Search for:") ).to_s); @output_buffer.concat "\n"
; @output_buffer.concat(( text_field_tag(:q) ).to_s); @output_buffer.concat "\n "
; @output_buffer.concat(( submit_tag("Search") ).to_s); @output_buffer.concat "\n\n\n"


;  end ; @output_buffer.concat "\n\n"

; @output_buffer
          ensure
            self.output_buffer = old_output_buffer
          end
Backtrace: /home/jqn/sistema/pcideal/app/views/desktop/index.html.erb:15:in `compile!'
/home/jqn/.gem/ruby/1.8/gems/actionpack-2.3.5/lib/action_view/renderable.rb:61:in `compile'
/home/jqn/.gem/ruby/1.8/gems/actionpack-2.3.5/lib/action_view/renderable.rb:28:in `render'
/home/jqn/.gem/ruby/1.8/gems/actionpack-2.3.5/lib/action_view/template.rb:205:in `render_template'
/home/jqn/.gem/ruby/1.8/gems/actionpack-2.3.5/lib/action_view/base.rb:265:in `render'
/home/jqn/.gem/ruby/1.8/gems/actionpack-2.3.5/lib/action_controller/base.rb:1250:in `render_for_file'
/home/jqn/.gem/ruby/1.8/gems/actionpack-2.3.5/lib/action_controller/base.rb:945:in `render_without_benchmark'
/home/jqn/.gem/ruby/1.8/gems/actionpack-2.3.5/lib/action_controller/benchmarking.rb:51:in `render'
/home/jqn/.gem/ruby/1.8/gems/activesupport-2.3.5/lib/active_support/core_ext/benchmark.rb:17:in `ms'
/usr/lib/ruby/1.8/benchmark.rb:308:in `realtime'
/home/jqn/.gem/ruby/1.8/gems/activesupport-2.3.5/lib/active_support/core_ext/benchmark.rb:17:in `ms'
/home/jqn/.gem/ruby/1.8/gems/actionpack-2.3.5/lib/action_controller/benchmarking.rb:51:in `render'
/home/jqn/.gem/ruby/1.8/gems/actionpack-2.3.5/lib/action_controller/base.rb:1326:in `default_render'
/home/jqn/.gem/ruby/1.8/gems/actionpack-2.3.5/lib/action_controller/base.rb:1332:in `perform_action_without_filters'
/home/jqn/.gem/ruby/1.8/gems/actionpack-2.3.5/lib/action_controller/filters.rb:617:in `call_filters'
/home/jqn/.gem/ruby/1.8/gems/actionpack-2.3.5/lib/action_controller/filters.rb:610:in `perform_action_without_benchmark'
/home/jqn/.gem/ruby/1.8/gems/actionpack-2.3.5/lib/action_controller/benchmarking.rb:68:in `perform_action_without_rescue'
/home/jqn/.gem/ruby/1.8/gems/activesupport-2.3.5/lib/active_support/core_ext/benchmark.rb:17:in `ms'
/usr/lib/ruby/1.8/benchmark.rb:308:in `realtime'
/home/jqn/.gem/ruby/1.8/gems/activesupport-2.3.5/lib/active_support/core_ext/benchmark.rb:17:in `ms'
/home/jqn/.gem/ruby/1.8/gems/actionpack-2.3.5/lib/action_controller/benchmarking.rb:68:in `perform_action_without_rescue'
/home/jqn/.gem/ruby/1.8/gems/actionpack-2.3.5/lib/action_controller/rescue.rb:160:in `perform_action_without_flash'
/home/jqn/.gem/ruby/1.8/gems/actionpack-2.3.5/lib/action_controller/flash.rb:146:in `perform_action'
/home/jqn/.gem/ruby/1.8/gems/actionpack-2.3.5/lib/action_controller/base.rb:532:in `send'
/home/jqn/.gem/ruby/1.8/gems/actionpack-2.3.5/lib/action_controller/base.rb:532:in `process_without_filters'
/home/jqn/.gem/ruby/1.8/gems/actionpack-2.3.5/lib/action_controller/filters.rb:606:in `process'
/home/jqn/.gem/ruby/1.8/gems/actionpack-2.3.5/lib/action_controller/base.rb:391:in `process'
/home/jqn/.gem/ruby/1.8/gems/actionpack-2.3.5/lib/action_controller/base.rb:386:in `call'
/home/jqn/.gem/ruby/1.8/gems/actionpack-2.3.5/lib/action_controller/routing/route_set.rb:437:in `call'
/home/jqn/.gem/ruby/1.8/gems/actionpack-2.3.5/lib/action_controller/dispatcher.rb:87:in `dispatch'
/home/jqn/.gem/ruby/1.8/gems/actionpack-2.3.5/lib/action_controller/dispatcher.rb:121:in `_call'
/home/jqn/.gem/ruby/1.8/gems/actionpack-2.3.5/lib/action_controller/dispatcher.rb:130:in `build_middleware_stack'
/home/jqn/.gem/ruby/1.8/gems/activerecord-2.3.5/lib/active_record/query_cache.rb:29:in `call'
/home/jqn/.gem/ruby/1.8/gems/activerecord-2.3.5/lib/active_record/query_cache.rb:29:in `call'
/home/jqn/.gem/ruby/1.8/gems/activerecord-2.3.5/lib/active_record/connection_adapters/abstract/query_cache.rb:34:in `cache'
/home/jqn/.gem/ruby/1.8/gems/activerecord-2.3.5/lib/active_record/query_cache.rb:9:in `cache'
/home/jqn/.gem/ruby/1.8/gems/activerecord-2.3.5/lib/active_record/query_cache.rb:28:in `call'
/home/jqn/.gem/ruby/1.8/gems/activerecord-2.3.5/lib/active_record/connection_adapters/abstract/connection_pool.rb:361:in `call'
/home/jqn/.gem/ruby/1.8/gems/actionpack-2.3.5/lib/action_controller/string_coercion.rb:25:in `call'
/var/lib/gems/1.8/gems/rack-1.0.1/lib/rack/head.rb:9:in `call'
/var/lib/gems/1.8/gems/rack-1.0.1/lib/rack/methodoverride.rb:24:in `call'
/home/jqn/.gem/ruby/1.8/gems/actionpack-2.3.5/lib/action_controller/params_parser.rb:15:in `call'
/home/jqn/.gem/ruby/1.8/gems/actionpack-2.3.5/lib/action_controller/session/cookie_store.rb:93:in `call'
/home/jqn/.gem/ruby/1.8/gems/actionpack-2.3.5/lib/action_controller/failsafe.rb:26:in `call'
/var/lib/gems/1.8/gems/rack-1.0.1/lib/rack/lock.rb:11:in `call'
/var/lib/gems/1.8/gems/rack-1.0.1/lib/rack/lock.rb:11:in `synchronize'
/var/lib/gems/1.8/gems/rack-1.0.1/lib/rack/lock.rb:11:in `call'
/home/jqn/.gem/ruby/1.8/gems/actionpack-2.3.5/lib/action_controller/dispatcher.rb:114:in `call'
/home/jqn/.gem/ruby/1.8/gems/actionpack-2.3.5/lib/action_controller/reloader.rb:34:in `run'
/home/jqn/.gem/ruby/1.8/gems/actionpack-2.3.5/lib/action_controller/dispatcher.rb:108:in `call'
/home/jqn/.gem/ruby/1.8/gems/rails-2.3.5/lib/rails/rack/static.rb:31:in `call'
/var/lib/gems/1.8/gems/rack-1.0.1/lib/rack/urlmap.rb:46:in `call'
/var/lib/gems/1.8/gems/rack-1.0.1/lib/rack/urlmap.rb:40:in `each'
/var/lib/gems/1.8/gems/rack-1.0.1/lib/rack/urlmap.rb:40:in `call'
/home/jqn/.gem/ruby/1.8/gems/rails-2.3.5/lib/rails/rack/log_tailer.rb:17:in `call'
/var/lib/gems/1.8/gems/rack-1.0.1/lib/rack/content_length.rb:13:in `call'
/var/lib/gems/1.8/gems/rack-1.0.1/lib/rack/handler/webrick.rb:50:in `service'
/usr/lib/ruby/1.8/webrick/httpserver.rb:104:in `service'
/usr/lib/ruby/1.8/webrick/httpserver.rb:65:in `run'
/usr/lib/ruby/1.8/webrick/server.rb:173:in `start_thread'
/usr/lib/ruby/1.8/webrick/server.rb:162:in `start'
/usr/lib/ruby/1.8/webrick/server.rb:162:in `start_thread'
/usr/lib/ruby/1.8/webrick/server.rb:95:in `start'
/usr/lib/ruby/1.8/webrick/server.rb:92:in `each'
/usr/lib/ruby/1.8/webrick/server.rb:92:in `start'
/usr/lib/ruby/1.8/webrick/server.rb:23:in `start'
/usr/lib/ruby/1.8/webrick/server.rb:82:in `start'
/var/lib/gems/1.8/gems/rack-1.0.1/lib/rack/handler/webrick.rb:14:in `run'
/home/jqn/.gem/ruby/1.8/gems/rails-2.3.5/lib/commands/server.rb:111
/usr/lib/ruby/1.8/rubygems/custom_require.rb:31:in `gem_original_require'
/usr/lib/ruby/1.8/rubygems/custom_require.rb:31:in `require'
script/server:3

ActionView::TemplateError (compile error
/home/jqn/sistema/pcideal/app/views/desktop/index.html.erb:15: syntax error, unexpected kENSURE, expecting $end) on line #15 of app/views/desktop/index.html.erb:
12: <% end %>

    app/views/desktop/index.html.erb:15:in `compile!'
    /usr/lib/ruby/1.8/webrick/httpserver.rb:104:in `service'
    /usr/lib/ruby/1.8/webrick/httpserver.rb:65:in `run'
    /usr/lib/ruby/1.8/webrick/server.rb:173:in `start_thread'
    /usr/lib/ruby/1.8/webrick/server.rb:162:in `start'
    /usr/lib/ruby/1.8/webrick/server.rb:162:in `start_thread'
    /usr/lib/ruby/1.8/webrick/server.rb:95:in `start'
    /usr/lib/ruby/1.8/webrick/server.rb:92:in `each'
    /usr/lib/ruby/1.8/webrick/server.rb:92:in `start'
    /usr/lib/ruby/1.8/webrick/server.rb:23:in `start'
    /usr/lib/ruby/1.8/webrick/server.rb:82:in `start'

Rendered rescues/_trace (59.1ms)
Rendered rescues/_request_and_response (0.4ms)
Rendering rescues/layout (internal_server_error)
  [4;36;1mSQL (0.3ms)[0m   [0;1mSET client_min_messages TO 'panic'[0m
  [4;35;1mSQL (0.2ms)[0m   [0mSET client_min_messages TO 'notice'[0m


Processing DesktopController#index (for 127.0.0.1 at 2010-04-15 18:28:52) [GET]
Rendering desktop/index

ActionView::TemplateError (Missing block) on line #4 of app/views/desktop/index.html.erb:
1: <h1>Desktop#index teste</h1>
2: <p>Find me in app/views/desktop/index.html.erb</p>
3: 
4: <% form_for(:pesquisa, @pesquisa, :url => pesquisar_path) %>
5: <%= check_box_tag(:pet_dog) %>
6: <%= label_tag(:pet_dog, "I own a dog") %>
7: <%= label_tag(:q, "Search for:") %>

    app/views/desktop/index.html.erb:4
    /usr/lib/ruby/1.8/webrick/httpserver.rb:104:in `service'
    /usr/lib/ruby/1.8/webrick/httpserver.rb:65:in `run'
    /usr/lib/ruby/1.8/webrick/server.rb:173:in `start_thread'
    /usr/lib/ruby/1.8/webrick/server.rb:162:in `start'
    /usr/lib/ruby/1.8/webrick/server.rb:162:in `start_thread'
    /usr/lib/ruby/1.8/webrick/server.rb:95:in `start'
    /usr/lib/ruby/1.8/webrick/server.rb:92:in `each'
    /usr/lib/ruby/1.8/webrick/server.rb:92:in `start'
    /usr/lib/ruby/1.8/webrick/server.rb:23:in `start'
    /usr/lib/ruby/1.8/webrick/server.rb:82:in `start'

Rendered rescues/_trace (161.6ms)
Rendered rescues/_request_and_response (0.5ms)
Rendering rescues/layout (internal_server_error)
  [4;36;1mSQL (0.3ms)[0m   [0;1mSET client_min_messages TO 'panic'[0m
  [4;35;1mSQL (0.3ms)[0m   [0mSET client_min_messages TO 'notice'[0m


Processing DesktopController#index (for 127.0.0.1 at 2010-04-15 18:28:53) [GET]
Rendering desktop/index

ActionView::TemplateError (Missing block) on line #4 of app/views/desktop/index.html.erb:
1: <h1>Desktop#index teste</h1>
2: <p>Find me in app/views/desktop/index.html.erb</p>
3: 
4: <% form_for(:pesquisa, @pesquisa, :url => pesquisar_path) %>
5: <%= check_box_tag(:pet_dog) %>
6: <%= label_tag(:pet_dog, "I own a dog") %>
7: <%= label_tag(:q, "Search for:") %>

    app/views/desktop/index.html.erb:4
    /usr/lib/ruby/1.8/webrick/httpserver.rb:104:in `service'
    /usr/lib/ruby/1.8/webrick/httpserver.rb:65:in `run'
    /usr/lib/ruby/1.8/webrick/server.rb:173:in `start_thread'
    /usr/lib/ruby/1.8/webrick/server.rb:162:in `start'
    /usr/lib/ruby/1.8/webrick/server.rb:162:in `start_thread'
    /usr/lib/ruby/1.8/webrick/server.rb:95:in `start'
    /usr/lib/ruby/1.8/webrick/server.rb:92:in `each'
    /usr/lib/ruby/1.8/webrick/server.rb:92:in `start'
    /usr/lib/ruby/1.8/webrick/server.rb:23:in `start'
    /usr/lib/ruby/1.8/webrick/server.rb:82:in `start'

Rendered rescues/_trace (56.9ms)
Rendered rescues/_request_and_response (0.4ms)
Rendering rescues/layout (internal_server_error)
  [4;36;1mSQL (0.3ms)[0m   [0;1mSET client_min_messages TO 'panic'[0m
  [4;35;1mSQL (0.3ms)[0m   [0mSET client_min_messages TO 'notice'[0m


Processing DesktopController#index (for 127.0.0.1 at 2010-04-15 18:28:53) [GET]
Rendering desktop/index

ActionView::TemplateError (Missing block) on line #4 of app/views/desktop/index.html.erb:
1: <h1>Desktop#index teste</h1>
2: <p>Find me in app/views/desktop/index.html.erb</p>
3: 
4: <% form_for(:pesquisa, @pesquisa, :url => pesquisar_path) %>
5: <%= check_box_tag(:pet_dog) %>
6: <%= label_tag(:pet_dog, "I own a dog") %>
7: <%= label_tag(:q, "Search for:") %>

    app/views/desktop/index.html.erb:4
    /usr/lib/ruby/1.8/webrick/httpserver.rb:104:in `service'
    /usr/lib/ruby/1.8/webrick/httpserver.rb:65:in `run'
    /usr/lib/ruby/1.8/webrick/server.rb:173:in `start_thread'
    /usr/lib/ruby/1.8/webrick/server.rb:162:in `start'
    /usr/lib/ruby/1.8/webrick/server.rb:162:in `start_thread'
    /usr/lib/ruby/1.8/webrick/server.rb:95:in `start'
    /usr/lib/ruby/1.8/webrick/server.rb:92:in `each'
    /usr/lib/ruby/1.8/webrick/server.rb:92:in `start'
    /usr/lib/ruby/1.8/webrick/server.rb:23:in `start'
    /usr/lib/ruby/1.8/webrick/server.rb:82:in `start'

Rendered rescues/_trace (183.0ms)
Rendered rescues/_request_and_response (0.4ms)
Rendering rescues/layout (internal_server_error)
  [4;36;1mSQL (0.3ms)[0m   [0;1mSET client_min_messages TO 'panic'[0m
  [4;35;1mSQL (0.3ms)[0m   [0mSET client_min_messages TO 'notice'[0m


Processing DesktopController#index (for 127.0.0.1 at 2010-04-15 18:28:54) [GET]
Rendering desktop/index

ActionView::TemplateError (Missing block) on line #4 of app/views/desktop/index.html.erb:
1: <h1>Desktop#index teste</h1>
2: <p>Find me in app/views/desktop/index.html.erb</p>
3: 
4: <% form_for(:pesquisa, @pesquisa, :url => pesquisar_path) %>
5: <%= check_box_tag(:pet_dog) %>
6: <%= label_tag(:pet_dog, "I own a dog") %>
7: <%= label_tag(:q, "Search for:") %>

    app/views/desktop/index.html.erb:4
    /usr/lib/ruby/1.8/webrick/httpserver.rb:104:in `service'
    /usr/lib/ruby/1.8/webrick/httpserver.rb:65:in `run'
    /usr/lib/ruby/1.8/webrick/server.rb:173:in `start_thread'
    /usr/lib/ruby/1.8/webrick/server.rb:162:in `start'
    /usr/lib/ruby/1.8/webrick/server.rb:162:in `start_thread'
    /usr/lib/ruby/1.8/webrick/server.rb:95:in `start'
    /usr/lib/ruby/1.8/webrick/server.rb:92:in `each'
    /usr/lib/ruby/1.8/webrick/server.rb:92:in `start'
    /usr/lib/ruby/1.8/webrick/server.rb:23:in `start'
    /usr/lib/ruby/1.8/webrick/server.rb:82:in `start'

Rendered rescues/_trace (63.1ms)
Rendered rescues/_request_and_response (0.4ms)
Rendering rescues/layout (internal_server_error)
  [4;36;1mSQL (0.3ms)[0m   [0;1mSET client_min_messages TO 'panic'[0m
  [4;35;1mSQL (0.2ms)[0m   [0mSET client_min_messages TO 'notice'[0m


Processing DesktopController#index (for 127.0.0.1 at 2010-04-15 18:33:43) [GET]
Rendering desktop/index
ERROR: compiling _run_erb_app47views47desktop47index46html46erb RAISED compile error
/home/jqn/sistema/pcideal/app/views/desktop/index.html.erb:6: syntax error, unexpected kEND
; @output_buffer.concat(( end ).to_s); @output_buffer.concat "\n\n"
                             ^
/home/jqn/sistema/pcideal/app/views/desktop/index.html.erb:9: syntax error, unexpected kENSURE, expecting kEND
/home/jqn/sistema/pcideal/app/views/desktop/index.html.erb:11: syntax error, unexpected $end, expecting kEND
Function body:           def _run_erb_app47views47desktop47index46html46erb(local_assigns)
            old_output_buffer = output_buffer;;@output_buffer = '';  __in_erb_template=true ; @output_buffer.concat "<h1>Desktop#index teste</h1>\n<p>Find me in app/views/desktop/index.html.erb</p>\n"

;  form_for @pesquisa, :url => { :action => "pesquisar" } do |f| ; @output_buffer.concat "\n "
; @output_buffer.concat(( f.text_field :teste ).to_s); @output_buffer.concat "\n "
; @output_buffer.concat(( submit_tag("Search") ).to_s); @output_buffer.concat "\n"
; @output_buffer.concat(( end ).to_s); @output_buffer.concat "\n\n"

; @output_buffer
          ensure
            self.output_buffer = old_output_buffer
          end
Backtrace: /home/jqn/sistema/pcideal/app/views/desktop/index.html.erb:11:in `compile!'
/home/jqn/.gem/ruby/1.8/gems/actionpack-2.3.5/lib/action_view/renderable.rb:61:in `compile'
/home/jqn/.gem/ruby/1.8/gems/actionpack-2.3.5/lib/action_view/renderable.rb:28:in `render'
/home/jqn/.gem/ruby/1.8/gems/actionpack-2.3.5/lib/action_view/template.rb:205:in `render_template'
/home/jqn/.gem/ruby/1.8/gems/actionpack-2.3.5/lib/action_view/base.rb:265:in `render'
/home/jqn/.gem/ruby/1.8/gems/actionpack-2.3.5/lib/action_controller/base.rb:1250:in `render_for_file'
/home/jqn/.gem/ruby/1.8/gems/actionpack-2.3.5/lib/action_controller/base.rb:945:in `render_without_benchmark'
/home/jqn/.gem/ruby/1.8/gems/actionpack-2.3.5/lib/action_controller/benchmarking.rb:51:in `render'
/home/jqn/.gem/ruby/1.8/gems/activesupport-2.3.5/lib/active_support/core_ext/benchmark.rb:17:in `ms'
/usr/lib/ruby/1.8/benchmark.rb:308:in `realtime'
/home/jqn/.gem/ruby/1.8/gems/activesupport-2.3.5/lib/active_support/core_ext/benchmark.rb:17:in `ms'
/home/jqn/.gem/ruby/1.8/gems/actionpack-2.3.5/lib/action_controller/benchmarking.rb:51:in `render'
/home/jqn/.gem/ruby/1.8/gems/actionpack-2.3.5/lib/action_controller/base.rb:1326:in `default_render'
/home/jqn/.gem/ruby/1.8/gems/actionpack-2.3.5/lib/action_controller/base.rb:1332:in `perform_action_without_filters'
/home/jqn/.gem/ruby/1.8/gems/actionpack-2.3.5/lib/action_controller/filters.rb:617:in `call_filters'
/home/jqn/.gem/ruby/1.8/gems/actionpack-2.3.5/lib/action_controller/filters.rb:610:in `perform_action_without_benchmark'
/home/jqn/.gem/ruby/1.8/gems/actionpack-2.3.5/lib/action_controller/benchmarking.rb:68:in `perform_action_without_rescue'
/home/jqn/.gem/ruby/1.8/gems/activesupport-2.3.5/lib/active_support/core_ext/benchmark.rb:17:in `ms'
/usr/lib/ruby/1.8/benchmark.rb:308:in `realtime'
/home/jqn/.gem/ruby/1.8/gems/activesupport-2.3.5/lib/active_support/core_ext/benchmark.rb:17:in `ms'
/home/jqn/.gem/ruby/1.8/gems/actionpack-2.3.5/lib/action_controller/benchmarking.rb:68:in `perform_action_without_rescue'
/home/jqn/.gem/ruby/1.8/gems/actionpack-2.3.5/lib/action_controller/rescue.rb:160:in `perform_action_without_flash'
/home/jqn/.gem/ruby/1.8/gems/actionpack-2.3.5/lib/action_controller/flash.rb:146:in `perform_action'
/home/jqn/.gem/ruby/1.8/gems/actionpack-2.3.5/lib/action_controller/base.rb:532:in `send'
/home/jqn/.gem/ruby/1.8/gems/actionpack-2.3.5/lib/action_controller/base.rb:532:in `process_without_filters'
/home/jqn/.gem/ruby/1.8/gems/actionpack-2.3.5/lib/action_controller/filters.rb:606:in `process'
/home/jqn/.gem/ruby/1.8/gems/actionpack-2.3.5/lib/action_controller/base.rb:391:in `process'
/home/jqn/.gem/ruby/1.8/gems/actionpack-2.3.5/lib/action_controller/base.rb:386:in `call'
/home/jqn/.gem/ruby/1.8/gems/actionpack-2.3.5/lib/action_controller/routing/route_set.rb:437:in `call'
/home/jqn/.gem/ruby/1.8/gems/actionpack-2.3.5/lib/action_controller/dispatcher.rb:87:in `dispatch'
/home/jqn/.gem/ruby/1.8/gems/actionpack-2.3.5/lib/action_controller/dispatcher.rb:121:in `_call'
/home/jqn/.gem/ruby/1.8/gems/actionpack-2.3.5/lib/action_controller/dispatcher.rb:130:in `build_middleware_stack'
/home/jqn/.gem/ruby/1.8/gems/activerecord-2.3.5/lib/active_record/query_cache.rb:29:in `call'
/home/jqn/.gem/ruby/1.8/gems/activerecord-2.3.5/lib/active_record/query_cache.rb:29:in `call'
/home/jqn/.gem/ruby/1.8/gems/activerecord-2.3.5/lib/active_record/connection_adapters/abstract/query_cache.rb:34:in `cache'
/home/jqn/.gem/ruby/1.8/gems/activerecord-2.3.5/lib/active_record/query_cache.rb:9:in `cache'
/home/jqn/.gem/ruby/1.8/gems/activerecord-2.3.5/lib/active_record/query_cache.rb:28:in `call'
/home/jqn/.gem/ruby/1.8/gems/activerecord-2.3.5/lib/active_record/connection_adapters/abstract/connection_pool.rb:361:in `call'
/home/jqn/.gem/ruby/1.8/gems/actionpack-2.3.5/lib/action_controller/string_coercion.rb:25:in `call'
/var/lib/gems/1.8/gems/rack-1.0.1/lib/rack/head.rb:9:in `call'
/var/lib/gems/1.8/gems/rack-1.0.1/lib/rack/methodoverride.rb:24:in `call'
/home/jqn/.gem/ruby/1.8/gems/actionpack-2.3.5/lib/action_controller/params_parser.rb:15:in `call'
/home/jqn/.gem/ruby/1.8/gems/actionpack-2.3.5/lib/action_controller/session/cookie_store.rb:93:in `call'
/home/jqn/.gem/ruby/1.8/gems/actionpack-2.3.5/lib/action_controller/failsafe.rb:26:in `call'
/var/lib/gems/1.8/gems/rack-1.0.1/lib/rack/lock.rb:11:in `call'
/var/lib/gems/1.8/gems/rack-1.0.1/lib/rack/lock.rb:11:in `synchronize'
/var/lib/gems/1.8/gems/rack-1.0.1/lib/rack/lock.rb:11:in `call'
/home/jqn/.gem/ruby/1.8/gems/actionpack-2.3.5/lib/action_controller/dispatcher.rb:114:in `call'
/home/jqn/.gem/ruby/1.8/gems/actionpack-2.3.5/lib/action_controller/reloader.rb:34:in `run'
/home/jqn/.gem/ruby/1.8/gems/actionpack-2.3.5/lib/action_controller/dispatcher.rb:108:in `call'
/home/jqn/.gem/ruby/1.8/gems/rails-2.3.5/lib/rails/rack/static.rb:31:in `call'
/var/lib/gems/1.8/gems/rack-1.0.1/lib/rack/urlmap.rb:46:in `call'
/var/lib/gems/1.8/gems/rack-1.0.1/lib/rack/urlmap.rb:40:in `each'
/var/lib/gems/1.8/gems/rack-1.0.1/lib/rack/urlmap.rb:40:in `call'
/home/jqn/.gem/ruby/1.8/gems/rails-2.3.5/lib/rails/rack/log_tailer.rb:17:in `call'
/var/lib/gems/1.8/gems/rack-1.0.1/lib/rack/content_length.rb:13:in `call'
/var/lib/gems/1.8/gems/rack-1.0.1/lib/rack/handler/webrick.rb:50:in `service'
/usr/lib/ruby/1.8/webrick/httpserver.rb:104:in `service'
/usr/lib/ruby/1.8/webrick/httpserver.rb:65:in `run'
/usr/lib/ruby/1.8/webrick/server.rb:173:in `start_thread'
/usr/lib/ruby/1.8/webrick/server.rb:162:in `start'
/usr/lib/ruby/1.8/webrick/server.rb:162:in `start_thread'
/usr/lib/ruby/1.8/webrick/server.rb:95:in `start'
/usr/lib/ruby/1.8/webrick/server.rb:92:in `each'
/usr/lib/ruby/1.8/webrick/server.rb:92:in `start'
/usr/lib/ruby/1.8/webrick/server.rb:23:in `start'
/usr/lib/ruby/1.8/webrick/server.rb:82:in `start'
/var/lib/gems/1.8/gems/rack-1.0.1/lib/rack/handler/webrick.rb:14:in `run'
/home/jqn/.gem/ruby/1.8/gems/rails-2.3.5/lib/commands/server.rb:111
/usr/lib/ruby/1.8/rubygems/custom_require.rb:31:in `gem_original_require'
/usr/lib/ruby/1.8/rubygems/custom_require.rb:31:in `require'
script/server:3

ActionView::TemplateError (compile error
/home/jqn/sistema/pcideal/app/views/desktop/index.html.erb:6: syntax error, unexpected kEND
; @output_buffer.concat(( end ).to_s); @output_buffer.concat "\n\n"
                             ^
/home/jqn/sistema/pcideal/app/views/desktop/index.html.erb:9: syntax error, unexpected kENSURE, expecting kEND
/home/jqn/sistema/pcideal/app/views/desktop/index.html.erb:11: syntax error, unexpected $end, expecting kEND) on line #6 of app/views/desktop/index.html.erb:
3: <% form_for @pesquisa, :url => { :action => "pesquisar" } do |f| %>
4:  <%= f.text_field :teste %>
5:  <%= submit_tag("Search") %>
6: <%= end %>

    app/views/desktop/index.html.erb:11:in `compile!'
    /usr/lib/ruby/1.8/webrick/httpserver.rb:104:in `service'
    /usr/lib/ruby/1.8/webrick/httpserver.rb:65:in `run'
    /usr/lib/ruby/1.8/webrick/server.rb:173:in `start_thread'
    /usr/lib/ruby/1.8/webrick/server.rb:162:in `start'
    /usr/lib/ruby/1.8/webrick/server.rb:162:in `start_thread'
    /usr/lib/ruby/1.8/webrick/server.rb:95:in `start'
    /usr/lib/ruby/1.8/webrick/server.rb:92:in `each'
    /usr/lib/ruby/1.8/webrick/server.rb:92:in `start'
    /usr/lib/ruby/1.8/webrick/server.rb:23:in `start'
    /usr/lib/ruby/1.8/webrick/server.rb:82:in `start'

Rendered rescues/_trace (61.9ms)
Rendered rescues/_request_and_response (0.5ms)
Rendering rescues/layout (internal_server_error)
  [4;36;1mSQL (0.3ms)[0m   [0;1mSET client_min_messages TO 'panic'[0m
  [4;35;1mSQL (0.3ms)[0m   [0mSET client_min_messages TO 'notice'[0m


Processing DesktopController#index (for 127.0.0.1 at 2010-04-15 18:33:54) [GET]
Rendering desktop/index

ActionView::TemplateError (Called id for nil, which would mistakenly be 4 -- if you really wanted the id of nil, use object_id) on line #3 of app/views/desktop/index.html.erb:
1: <h1>Desktop#index teste</h1>
2: <p>Find me in app/views/desktop/index.html.erb</p>
3: <% form_for @pesquisa, :url => { :action => "pesquisar" } do |f| %>
4:  <%= f.text_field :teste %>
5:  <%= submit_tag("Search") %>
6: <% end %>

    app/views/desktop/index.html.erb:3
    /usr/lib/ruby/1.8/webrick/httpserver.rb:104:in `service'
    /usr/lib/ruby/1.8/webrick/httpserver.rb:65:in `run'
    /usr/lib/ruby/1.8/webrick/server.rb:173:in `start_thread'
    /usr/lib/ruby/1.8/webrick/server.rb:162:in `start'
    /usr/lib/ruby/1.8/webrick/server.rb:162:in `start_thread'
    /usr/lib/ruby/1.8/webrick/server.rb:95:in `start'
    /usr/lib/ruby/1.8/webrick/server.rb:92:in `each'
    /usr/lib/ruby/1.8/webrick/server.rb:92:in `start'
    /usr/lib/ruby/1.8/webrick/server.rb:23:in `start'
    /usr/lib/ruby/1.8/webrick/server.rb:82:in `start'

Rendered rescues/_trace (67.7ms)
Rendered rescues/_request_and_response (0.4ms)
Rendering rescues/layout (internal_server_error)
  [4;36;1mSQL (0.3ms)[0m   [0;1mSET client_min_messages TO 'panic'[0m
  [4;35;1mSQL (0.3ms)[0m   [0mSET client_min_messages TO 'notice'[0m


Processing DesktopController#index (for 127.0.0.1 at 2010-04-15 18:36:09) [GET]
Rendering desktop/index

ActionView::TemplateError (Called id for nil, which would mistakenly be 4 -- if you really wanted the id of nil, use object_id) on line #3 of app/views/desktop/index.html.erb:
1: <h1>Desktop#index teste</h1>
2: <p>Find me in app/views/desktop/index.html.erb</p>
3: <% form_for @pesquisa, :url => { :controller => "desktop",:action => "pesquisar" } do |f| %>
4:  <%= f.text_field :teste %>
5:  <%= submit_tag("Search") %>
6: <% end %>

    app/views/desktop/index.html.erb:3
    /usr/lib/ruby/1.8/webrick/httpserver.rb:104:in `service'
    /usr/lib/ruby/1.8/webrick/httpserver.rb:65:in `run'
    /usr/lib/ruby/1.8/webrick/server.rb:173:in `start_thread'
    /usr/lib/ruby/1.8/webrick/server.rb:162:in `start'
    /usr/lib/ruby/1.8/webrick/server.rb:162:in `start_thread'
    /usr/lib/ruby/1.8/webrick/server.rb:95:in `start'
    /usr/lib/ruby/1.8/webrick/server.rb:92:in `each'
    /usr/lib/ruby/1.8/webrick/server.rb:92:in `start'
    /usr/lib/ruby/1.8/webrick/server.rb:23:in `start'
    /usr/lib/ruby/1.8/webrick/server.rb:82:in `start'

Rendered rescues/_trace (61.5ms)
Rendered rescues/_request_and_response (0.4ms)
Rendering rescues/layout (internal_server_error)
  [4;36;1mSQL (0.3ms)[0m   [0;1mSET client_min_messages TO 'panic'[0m
  [4;35;1mSQL (5.2ms)[0m   [0mSET client_min_messages TO 'notice'[0m


Processing DesktopController#index (for 127.0.0.1 at 2010-04-15 18:47:26) [GET]
Rendering desktop/index
Completed in 19ms (View: 16, DB: 5) | 200 OK [http://localhost/desktop/]
  [4;36;1mSQL (0.3ms)[0m   [0;1mSET client_min_messages TO 'panic'[0m
  [4;35;1mSQL (0.2ms)[0m   [0mSET client_min_messages TO 'notice'[0m


Processing DesktopController#pesquisar (for 127.0.0.1 at 2010-04-15 18:47:27) [POST]
  Parameters: {"commit"=>"Search", "authenticity_token"=>"h9+nicBymxEszB3BO+Btg4dMuT+3Bmvcbyf8ZEhvcbY=", "q"=>"dfsf", "pet_dog"=>"1"}
Rendering desktop/pesquisar

ActionView::TemplateError (undefined method `q' for nil:NilClass) on line #5 of app/views/desktop/pesquisar.html.erb:
2: <p>Find me in app/views/desktop/pesquisar.html.erb</p>
3: 
4: 
5: <%= @pesquisar.q %>

    app/views/desktop/pesquisar.html.erb:5
    /usr/lib/ruby/1.8/webrick/httpserver.rb:104:in `service'
    /usr/lib/ruby/1.8/webrick/httpserver.rb:65:in `run'
    /usr/lib/ruby/1.8/webrick/server.rb:173:in `start_thread'
    /usr/lib/ruby/1.8/webrick/server.rb:162:in `start'
    /usr/lib/ruby/1.8/webrick/server.rb:162:in `start_thread'
    /usr/lib/ruby/1.8/webrick/server.rb:95:in `start'
    /usr/lib/ruby/1.8/webrick/server.rb:92:in `each'
    /usr/lib/ruby/1.8/webrick/server.rb:92:in `start'
    /usr/lib/ruby/1.8/webrick/server.rb:23:in `start'
    /usr/lib/ruby/1.8/webrick/server.rb:82:in `start'

Rendered rescues/_trace (176.1ms)
Rendered rescues/_request_and_response (0.6ms)
Rendering rescues/layout (internal_server_error)
  [4;36;1mSQL (0.3ms)[0m   [0;1mSET client_min_messages TO 'panic'[0m
  [4;35;1mSQL (9.6ms)[0m   [0mSET client_min_messages TO 'notice'[0m


Processing DesktopController#pesquisar (for 127.0.0.1 at 2010-04-15 18:52:16) [POST]
  Parameters: {"commit"=>"Search", "authenticity_token"=>"h9+nicBymxEszB3BO+Btg4dMuT+3Bmvcbyf8ZEhvcbY=", "q"=>"dfsf", "pet_dog"=>"1"}
Rendering desktop/pesquisar

ActionView::TemplateError (undefined method `q' for nil:NilClass) on line #5 of app/views/desktop/pesquisar.html.erb:
2: <p>Find me in app/views/desktop/pesquisar.html.erb</p>
3: 
4: 
5: <%= @post.q %>

    app/views/desktop/pesquisar.html.erb:5
    /usr/lib/ruby/1.8/webrick/httpserver.rb:104:in `service'
    /usr/lib/ruby/1.8/webrick/httpserver.rb:65:in `run'
    /usr/lib/ruby/1.8/webrick/server.rb:173:in `start_thread'
    /usr/lib/ruby/1.8/webrick/server.rb:162:in `start'
    /usr/lib/ruby/1.8/webrick/server.rb:162:in `start_thread'
    /usr/lib/ruby/1.8/webrick/server.rb:95:in `start'
    /usr/lib/ruby/1.8/webrick/server.rb:92:in `each'
    /usr/lib/ruby/1.8/webrick/server.rb:92:in `start'
    /usr/lib/ruby/1.8/webrick/server.rb:23:in `start'
    /usr/lib/ruby/1.8/webrick/server.rb:82:in `start'

Rendered rescues/_trace (67.4ms)
Rendered rescues/_request_and_response (0.5ms)
Rendering rescues/layout (internal_server_error)
  [4;36;1mSQL (0.3ms)[0m   [0;1mSET client_min_messages TO 'panic'[0m
  [4;35;1mSQL (0.2ms)[0m   [0mSET client_min_messages TO 'notice'[0m


Processing DesktopController#pesquisar (for 127.0.0.1 at 2010-04-15 18:52:18) [POST]
  Parameters: {"commit"=>"Search", "authenticity_token"=>"h9+nicBymxEszB3BO+Btg4dMuT+3Bmvcbyf8ZEhvcbY=", "q"=>"dfsf", "pet_dog"=>"1"}
Rendering desktop/pesquisar

ActionView::TemplateError (undefined method `q' for nil:NilClass) on line #5 of app/views/desktop/pesquisar.html.erb:
2: <p>Find me in app/views/desktop/pesquisar.html.erb</p>
3: 
4: 
5: <%= @post.q %>

    app/views/desktop/pesquisar.html.erb:5
    /usr/lib/ruby/1.8/webrick/httpserver.rb:104:in `service'
    /usr/lib/ruby/1.8/webrick/httpserver.rb:65:in `run'
    /usr/lib/ruby/1.8/webrick/server.rb:173:in `start_thread'
    /usr/lib/ruby/1.8/webrick/server.rb:162:in `start'
    /usr/lib/ruby/1.8/webrick/server.rb:162:in `start_thread'
    /usr/lib/ruby/1.8/webrick/server.rb:95:in `start'
    /usr/lib/ruby/1.8/webrick/server.rb:92:in `each'
    /usr/lib/ruby/1.8/webrick/server.rb:92:in `start'
    /usr/lib/ruby/1.8/webrick/server.rb:23:in `start'
    /usr/lib/ruby/1.8/webrick/server.rb:82:in `start'

Rendered rescues/_trace (69.6ms)
Rendered rescues/_request_and_response (0.5ms)
Rendering rescues/layout (internal_server_error)
  [4;36;1mSQL (0.3ms)[0m   [0;1mSET client_min_messages TO 'panic'[0m
  [4;35;1mSQL (0.3ms)[0m   [0mSET client_min_messages TO 'notice'[0m


Processing DesktopController#index (for 127.0.0.1 at 2010-04-15 18:52:24) [GET]
Rendering desktop/index
Completed in 6ms (View: 3, DB: 1) | 200 OK [http://localhost/desktop/]
  [4;36;1mSQL (0.3ms)[0m   [0;1mSET client_min_messages TO 'panic'[0m
  [4;35;1mSQL (0.3ms)[0m   [0mSET client_min_messages TO 'notice'[0m


Processing DesktopController#pesquisar (for 127.0.0.1 at 2010-04-15 18:52:28) [POST]
  Parameters: {"commit"=>"Search", "authenticity_token"=>"h9+nicBymxEszB3BO+Btg4dMuT+3Bmvcbyf8ZEhvcbY=", "q"=>"hui"}
Rendering desktop/pesquisar

ActionView::TemplateError (undefined method `q' for nil:NilClass) on line #5 of app/views/desktop/pesquisar.html.erb:
2: <p>Find me in app/views/desktop/pesquisar.html.erb</p>
3: 
4: 
5: <%= @post.q %>

    app/views/desktop/pesquisar.html.erb:5
    /usr/lib/ruby/1.8/webrick/httpserver.rb:104:in `service'
    /usr/lib/ruby/1.8/webrick/httpserver.rb:65:in `run'
    /usr/lib/ruby/1.8/webrick/server.rb:173:in `start_thread'
    /usr/lib/ruby/1.8/webrick/server.rb:162:in `start'
    /usr/lib/ruby/1.8/webrick/server.rb:162:in `start_thread'
    /usr/lib/ruby/1.8/webrick/server.rb:95:in `start'
    /usr/lib/ruby/1.8/webrick/server.rb:92:in `each'
    /usr/lib/ruby/1.8/webrick/server.rb:92:in `start'
    /usr/lib/ruby/1.8/webrick/server.rb:23:in `start'
    /usr/lib/ruby/1.8/webrick/server.rb:82:in `start'

Rendered rescues/_trace (56.1ms)
Rendered rescues/_request_and_response (0.5ms)
Rendering rescues/layout (internal_server_error)
  [4;36;1mSQL (0.3ms)[0m   [0;1mSET client_min_messages TO 'panic'[0m
  [4;35;1mSQL (0.3ms)[0m   [0mSET client_min_messages TO 'notice'[0m


Processing DesktopController#pesquisar (for 127.0.0.1 at 2010-04-15 18:53:30) [POST]
  Parameters: {"commit"=>"Search", "authenticity_token"=>"h9+nicBymxEszB3BO+Btg4dMuT+3Bmvcbyf8ZEhvcbY=", "q"=>"hui"}
Rendering desktop/pesquisar

ActionView::TemplateError (undefined method `q' for nil:NilClass) on line #5 of app/views/desktop/pesquisar.html.erb:
2: <p>Find me in app/views/desktop/pesquisar.html.erb</p>
3: 
4: 
5: <%= @get.q %>

    app/views/desktop/pesquisar.html.erb:5
    /usr/lib/ruby/1.8/webrick/httpserver.rb:104:in `service'
    /usr/lib/ruby/1.8/webrick/httpserver.rb:65:in `run'
    /usr/lib/ruby/1.8/webrick/server.rb:173:in `start_thread'
    /usr/lib/ruby/1.8/webrick/server.rb:162:in `start'
    /usr/lib/ruby/1.8/webrick/server.rb:162:in `start_thread'
    /usr/lib/ruby/1.8/webrick/server.rb:95:in `start'
    /usr/lib/ruby/1.8/webrick/server.rb:92:in `each'
    /usr/lib/ruby/1.8/webrick/server.rb:92:in `start'
    /usr/lib/ruby/1.8/webrick/server.rb:23:in `start'
    /usr/lib/ruby/1.8/webrick/server.rb:82:in `start'

Rendered rescues/_trace (60.8ms)
Rendered rescues/_request_and_response (0.5ms)
Rendering rescues/layout (internal_server_error)
  [4;36;1mSQL (0.3ms)[0m   [0;1mSET client_min_messages TO 'panic'[0m
  [4;35;1mSQL (0.2ms)[0m   [0mSET client_min_messages TO 'notice'[0m


Processing DesktopController#index (for 127.0.0.1 at 2010-04-15 19:05:24) [GET]
Rendering desktop/index
Completed in 6ms (View: 3, DB: 1) | 200 OK [http://localhost/desktop/]
  [4;36;1mSQL (0.3ms)[0m   [0;1mSET client_min_messages TO 'panic'[0m
  [4;35;1mSQL (0.2ms)[0m   [0mSET client_min_messages TO 'notice'[0m


Processing DesktopController#pesquisar (for 127.0.0.1 at 2010-04-15 19:05:27) [POST]
  Parameters: {"commit"=>"Search", "authenticity_token"=>"h9+nicBymxEszB3BO+Btg4dMuT+3Bmvcbyf8ZEhvcbY=", "q"=>"dds"}
Rendering desktop/pesquisar

ActionView::TemplateError (undefined method `q' for nil:NilClass) on line #5 of app/views/desktop/pesquisar.html.erb:
2: <p>Find me in app/views/desktop/pesquisar.html.erb</p>
3: 
4: 
5: <%= @get.q %>

    app/views/desktop/pesquisar.html.erb:5
    /usr/lib/ruby/1.8/webrick/httpserver.rb:104:in `service'
    /usr/lib/ruby/1.8/webrick/httpserver.rb:65:in `run'
    /usr/lib/ruby/1.8/webrick/server.rb:173:in `start_thread'
    /usr/lib/ruby/1.8/webrick/server.rb:162:in `start'
    /usr/lib/ruby/1.8/webrick/server.rb:162:in `start_thread'
    /usr/lib/ruby/1.8/webrick/server.rb:95:in `start'
    /usr/lib/ruby/1.8/webrick/server.rb:92:in `each'
    /usr/lib/ruby/1.8/webrick/server.rb:92:in `start'
    /usr/lib/ruby/1.8/webrick/server.rb:23:in `start'
    /usr/lib/ruby/1.8/webrick/server.rb:82:in `start'

Rendered rescues/_trace (166.9ms)
Rendered rescues/_request_and_response (0.5ms)
Rendering rescues/layout (internal_server_error)
  [4;36;1mSQL (0.3ms)[0m   [0;1mSET client_min_messages TO 'panic'[0m
  [4;35;1mSQL (0.3ms)[0m   [0mSET client_min_messages TO 'notice'[0m


Processing DesktopController#pesquisar (for 127.0.0.1 at 2010-04-15 19:05:51) [POST]
  Parameters: {"commit"=>"Search", "authenticity_token"=>"h9+nicBymxEszB3BO+Btg4dMuT+3Bmvcbyf8ZEhvcbY=", "q"=>"dds"}
Rendering desktop/pesquisar
Completed in 37ms (View: 16, DB: 1) | 200 OK [http://localhost/pesquisar]
  [4;36;1mSQL (0.3ms)[0m   [0;1mSET client_min_messages TO 'panic'[0m
  [4;35;1mSQL (0.3ms)[0m   [0mSET client_min_messages TO 'notice'[0m


Processing DesktopController#pesquisar (for 127.0.0.1 at 2010-04-15 19:06:28) [POST]
  Parameters: {"commit"=>"Search", "authenticity_token"=>"h9+nicBymxEszB3BO+Btg4dMuT+3Bmvcbyf8ZEhvcbY=", "q"=>"dds"}
Rendering desktop/pesquisar
Completed in 13ms (View: 10, DB: 1) | 200 OK [http://localhost/pesquisar]
  [4;36;1mSQL (0.3ms)[0m   [0;1mSET client_min_messages TO 'panic'[0m
  [4;35;1mSQL (0.3ms)[0m   [0mSET client_min_messages TO 'notice'[0m


Processing DesktopController#index (for 127.0.0.1 at 2010-04-15 19:07:45) [GET]
Rendering desktop/index
Completed in 8ms (View: 5, DB: 1) | 200 OK [http://localhost/desktop/]
  [4;36;1mSQL (0.3ms)[0m   [0;1mSET client_min_messages TO 'panic'[0m
  [4;35;1mSQL (0.4ms)[0m   [0mSET client_min_messages TO 'notice'[0m


Processing DesktopController#pesquisar (for 127.0.0.1 at 2010-04-15 19:07:49) [POST]
  Parameters: {"commit"=>"Search", "authenticity_token"=>"h9+nicBymxEszB3BO+Btg4dMuT+3Bmvcbyf8ZEhvcbY=", "q"=>"fdsfs"}
Rendering desktop/pesquisar
Completed in 12ms (View: 6, DB: 1) | 200 OK [http://localhost/pesquisar]
  [4;36;1mSQL (0.3ms)[0m   [0;1mSET client_min_messages TO 'panic'[0m
  [4;35;1mSQL (0.3ms)[0m   [0mSET client_min_messages TO 'notice'[0m


Processing DesktopController#pesquisar (for 127.0.0.1 at 2010-04-15 19:07:54) [POST]
  Parameters: {"commit"=>"Search", "authenticity_token"=>"h9+nicBymxEszB3BO+Btg4dMuT+3Bmvcbyf8ZEhvcbY=", "q"=>"fdsfs", "pet_dog"=>"1"}
Rendering desktop/pesquisar
Completed in 4ms (View: 1, DB: 1) | 200 OK [http://localhost/pesquisar]
  [4;36;1mSQL (0.3ms)[0m   [0;1mSET client_min_messages TO 'panic'[0m
  [4;35;1mSQL (0.3ms)[0m   [0mSET client_min_messages TO 'notice'[0m


Processing DesktopController#index (for 127.0.0.1 at 2010-04-15 19:25:28) [GET]
Rendering desktop/index
Completed in 20ms (View: 16, DB: 1) | 200 OK [http://localhost/desktop/]
  [4;36;1mSQL (0.3ms)[0m   [0;1mSET client_min_messages TO 'panic'[0m
  [4;35;1mSQL (0.3ms)[0m   [0mSET client_min_messages TO 'notice'[0m


Processing DesktopController#index (for 127.0.0.1 at 2010-04-15 19:28:38) [GET]
Rendering desktop/index
Completed in 18ms (View: 15, DB: 1) | 200 OK [http://localhost/desktop/]
  [4;36;1mSQL (0.3ms)[0m   [0;1mSET client_min_messages TO 'panic'[0m
  [4;35;1mSQL (0.3ms)[0m   [0mSET client_min_messages TO 'notice'[0m


Processing DesktopController#index (for 127.0.0.1 at 2010-04-15 19:29:06) [GET]
Rendering desktop/index
Completed in 114ms (View: 18, DB: 1) | 200 OK [http://localhost/desktop/]
  [4;36;1mSQL (0.3ms)[0m   [0;1mSET client_min_messages TO 'panic'[0m
  [4;35;1mSQL (0.3ms)[0m   [0mSET client_min_messages TO 'notice'[0m


Processing DesktopController#index (for 127.0.0.1 at 2010-04-15 19:29:22) [GET]
Rendering desktop/index
Completed in 21ms (View: 17, DB: 1) | 200 OK [http://localhost/desktop/]
  [4;36;1mSQL (2.7ms)[0m   [0;1mSET client_min_messages TO 'panic'[0m
  [4;35;1mSQL (0.3ms)[0m   [0mSET client_min_messages TO 'notice'[0m


Processing DesktopController#index (for 127.0.0.1 at 2010-04-15 19:29:45) [GET]
Rendering desktop/index
Completed in 18ms (View: 14, DB: 3) | 200 OK [http://localhost/desktop/]
  [4;36;1mSQL (0.3ms)[0m   [0;1mSET client_min_messages TO 'panic'[0m
  [4;35;1mSQL (0.3ms)[0m   [0mSET client_min_messages TO 'notice'[0m


Processing DesktopController#index (for 127.0.0.1 at 2010-04-15 19:30:04) [GET]
Rendering desktop/index
Completed in 11ms (View: 7, DB: 1) | 200 OK [http://localhost/desktop/]
  [4;36;1mSQL (0.3ms)[0m   [0;1mSET client_min_messages TO 'panic'[0m
  [4;35;1mSQL (0.3ms)[0m   [0mSET client_min_messages TO 'notice'[0m


Processing DesktopController#index (for 127.0.0.1 at 2010-04-15 19:30:04) [GET]
Rendering desktop/index
Completed in 10ms (View: 7, DB: 1) | 200 OK [http://localhost/desktop/]
  [4;36;1mSQL (0.3ms)[0m   [0;1mSET client_min_messages TO 'panic'[0m
  [4;35;1mSQL (0.2ms)[0m   [0mSET client_min_messages TO 'notice'[0m


Processing DesktopController#index (for 127.0.0.1 at 2010-04-15 19:32:21) [GET]
Rendering desktop/index
Completed in 22ms (View: 19, DB: 1) | 200 OK [http://localhost/desktop/]
  [4;36;1mSQL (0.3ms)[0m   [0;1mSET client_min_messages TO 'panic'[0m
  [4;35;1mSQL (0.2ms)[0m   [0mSET client_min_messages TO 'notice'[0m


Processing DesktopController#index (for 127.0.0.1 at 2010-04-15 19:36:19) [GET]
Rendering desktop/index
Completed in 20ms (View: 17, DB: 1) | 200 OK [http://localhost/desktop/]
  [4;36;1mSQL (0.3ms)[0m   [0;1mSET client_min_messages TO 'panic'[0m
  [4;35;1mSQL (0.2ms)[0m   [0mSET client_min_messages TO 'notice'[0m


Processing DesktopController#index (for 127.0.0.1 at 2010-04-15 19:36:25) [GET]
Rendering desktop/index
Completed in 103ms (View: 101, DB: 1) | 200 OK [http://localhost/desktop/]
  [4;36;1mSQL (0.3ms)[0m   [0;1mSET client_min_messages TO 'panic'[0m
  [4;35;1mSQL (0.3ms)[0m   [0mSET client_min_messages TO 'notice'[0m


Processing DesktopController#index (for 127.0.0.1 at 2010-04-15 19:36:28) [GET]
Rendering desktop/index
Completed in 14ms (View: 11, DB: 1) | 200 OK [http://localhost/desktop/]
  [4;36;1mSQL (0.3ms)[0m   [0;1mSET client_min_messages TO 'panic'[0m
  [4;35;1mSQL (0.3ms)[0m   [0mSET client_min_messages TO 'notice'[0m


Processing DesktopController#index (for 127.0.0.1 at 2010-04-15 19:38:52) [GET]
Rendering desktop/index
Completed in 23ms (View: 18, DB: 1) | 200 OK [http://localhost/desktop/]
  [4;36;1mSQL (0.3ms)[0m   [0;1mSET client_min_messages TO 'panic'[0m
  [4;35;1mSQL (0.3ms)[0m   [0mSET client_min_messages TO 'notice'[0m


Processing DesktopController#index (for 127.0.0.1 at 2010-04-15 19:40:48) [GET]
Rendering desktop/index
Completed in 22ms (View: 17, DB: 1) | 200 OK [http://localhost/desktop/]
  [4;36;1mSQL (0.3ms)[0m   [0;1mSET client_min_messages TO 'panic'[0m
  [4;35;1mSQL (0.3ms)[0m   [0mSET client_min_messages TO 'notice'[0m


Processing DesktopController#index (for 127.0.0.1 at 2010-04-15 19:42:17) [GET]
Rendering desktop/index
Completed in 20ms (View: 17, DB: 1) | 200 OK [http://localhost/desktop/]
  [4;36;1mSQL (0.3ms)[0m   [0;1mSET client_min_messages TO 'panic'[0m
  [4;35;1mSQL (0.3ms)[0m   [0mSET client_min_messages TO 'notice'[0m


Processing DesktopController#index (for 127.0.0.1 at 2010-04-15 19:43:12) [GET]
Rendering desktop/index
Completed in 22ms (View: 19, DB: 1) | 200 OK [http://localhost/desktop/]
  [4;36;1mSQL (0.3ms)[0m   [0;1mSET client_min_messages TO 'panic'[0m
  [4;35;1mSQL (0.2ms)[0m   [0mSET client_min_messages TO 'notice'[0m


Processing DesktopController#index (for 127.0.0.1 at 2010-04-15 19:43:44) [GET]
Rendering desktop/index
Completed in 22ms (View: 19, DB: 1) | 200 OK [http://localhost/desktop/]
  [4;36;1mSQL (0.3ms)[0m   [0;1mSET client_min_messages TO 'panic'[0m
  [4;35;1mSQL (0.2ms)[0m   [0mSET client_min_messages TO 'notice'[0m


Processing DesktopController#index (for 127.0.0.1 at 2010-04-15 19:44:09) [GET]
Rendering desktop/index
Completed in 138ms (View: 129, DB: 1) | 200 OK [http://localhost/desktop/]
  [4;36;1mSQL (0.3ms)[0m   [0;1mSET client_min_messages TO 'panic'[0m
  [4;35;1mSQL (0.3ms)[0m   [0mSET client_min_messages TO 'notice'[0m


Processing DesktopController#index (for 127.0.0.1 at 2010-04-15 19:45:55) [GET]
Rendering desktop/index
Completed in 23ms (View: 19, DB: 1) | 200 OK [http://localhost/desktop/]
  [4;36;1mSQL (0.3ms)[0m   [0;1mSET client_min_messages TO 'panic'[0m
  [4;35;1mSQL (0.3ms)[0m   [0mSET client_min_messages TO 'notice'[0m


Processing DesktopController#index (for 127.0.0.1 at 2010-04-15 19:50:10) [GET]
Rendering desktop/index
Completed in 22ms (View: 17, DB: 1) | 200 OK [http://localhost/desktop/]
  [4;36;1mSQL (0.3ms)[0m   [0;1mSET client_min_messages TO 'panic'[0m
  [4;35;1mSQL (0.3ms)[0m   [0mSET client_min_messages TO 'notice'[0m


Processing DesktopController#index (for 127.0.0.1 at 2010-04-15 19:50:31) [GET]
Rendering desktop/index
Completed in 14ms (View: 11, DB: 1) | 200 OK [http://localhost/desktop/]
  [4;36;1mSQL (0.3ms)[0m   [0;1mSET client_min_messages TO 'panic'[0m
  [4;35;1mSQL (0.3ms)[0m   [0mSET client_min_messages TO 'notice'[0m


Processing DesktopController#index (for 127.0.0.1 at 2010-04-15 19:50:45) [GET]
Rendering desktop/index
Completed in 16ms (View: 13, DB: 1) | 200 OK [http://localhost/desktop/]
  [4;36;1mSQL (0.3ms)[0m   [0;1mSET client_min_messages TO 'panic'[0m
  [4;35;1mSQL (0.3ms)[0m   [0mSET client_min_messages TO 'notice'[0m


Processing DesktopController#index (for 127.0.0.1 at 2010-04-15 19:50:58) [GET]
Rendering desktop/index
Completed in 16ms (View: 11, DB: 1) | 200 OK [http://localhost/desktop/]
  [4;36;1mSQL (0.3ms)[0m   [0;1mSET client_min_messages TO 'panic'[0m
  [4;35;1mSQL (0.3ms)[0m   [0mSET client_min_messages TO 'notice'[0m


Processing DesktopController#index (for 127.0.0.1 at 2010-04-15 19:51:06) [GET]
Rendering desktop/index
Completed in 14ms (View: 11, DB: 1) | 200 OK [http://localhost/desktop/]
  [4;36;1mSQL (0.3ms)[0m   [0;1mSET client_min_messages TO 'panic'[0m
  [4;35;1mSQL (0.2ms)[0m   [0mSET client_min_messages TO 'notice'[0m


Processing DesktopController#index (for 192.168.0.102 at 2010-04-15 19:52:03) [GET]
Rendering desktop/index
Completed in 31ms (View: 27, DB: 1) | 200 OK [http://192.168.0.100/desktop]
  [4;36;1mSQL (0.3ms)[0m   [0;1mSET client_min_messages TO 'panic'[0m
  [4;35;1mSQL (0.3ms)[0m   [0mSET client_min_messages TO 'notice'[0m


Processing DesktopController#index (for 192.168.0.102 at 2010-04-15 19:52:33) [GET]
Rendering desktop/index
Completed in 31ms (View: 26, DB: 1) | 200 OK [http://192.168.0.100/desktop]
  [4;36;1mSQL (0.3ms)[0m   [0;1mSET client_min_messages TO 'panic'[0m
  [4;35;1mSQL (0.3ms)[0m   [0mSET client_min_messages TO 'notice'[0m


Processing DesktopController#index (for 127.0.0.1 at 2010-04-15 19:52:33) [GET]
Rendering desktop/index
Completed in 14ms (View: 11, DB: 1) | 200 OK [http://localhost/desktop/]
  [4;36;1mSQL (0.3ms)[0m   [0;1mSET client_min_messages TO 'panic'[0m
  [4;35;1mSQL (0.3ms)[0m   [0mSET client_min_messages TO 'notice'[0m


Processing DesktopController#index (for 192.168.0.102 at 2010-04-15 19:52:34) [GET]
Rendering desktop/index
Completed in 12ms (View: 10, DB: 1) | 200 OK [http://192.168.0.100/desktop]
  [4;36;1mSQL (0.3ms)[0m   [0;1mSET client_min_messages TO 'panic'[0m
  [4;35;1mSQL (0.3ms)[0m   [0mSET client_min_messages TO 'notice'[0m


Processing DesktopController#index (for 192.168.0.102 at 2010-04-15 19:52:35) [GET]
Rendering desktop/index
Completed in 34ms (View: 23, DB: 1) | 200 OK [http://192.168.0.100/desktop]
  [4;36;1mSQL (0.3ms)[0m   [0;1mSET client_min_messages TO 'panic'[0m
  [4;35;1mSQL (0.3ms)[0m   [0mSET client_min_messages TO 'notice'[0m


Processing DesktopController#index (for 127.0.0.1 at 2010-04-15 19:53:08) [GET]
Rendering desktop/index
Completed in 12ms (View: 10, DB: 1) | 200 OK [http://localhost/desktop/]
  [4;36;1mSQL (0.3ms)[0m   [0;1mSET client_min_messages TO 'panic'[0m
  [4;35;1mSQL (0.2ms)[0m   [0mSET client_min_messages TO 'notice'[0m


Processing DesktopController#index (for 192.168.0.102 at 2010-04-15 19:53:09) [GET]
Rendering desktop/index
Completed in 13ms (View: 10, DB: 1) | 200 OK [http://192.168.0.100/desktop]
  [4;36;1mSQL (0.3ms)[0m   [0;1mSET client_min_messages TO 'panic'[0m
  [4;35;1mSQL (0.2ms)[0m   [0mSET client_min_messages TO 'notice'[0m


Processing DesktopController#index (for 127.0.0.1 at 2010-04-15 19:53:34) [GET]
Rendering desktop/index
Completed in 117ms (View: 114, DB: 1) | 200 OK [http://localhost/desktop/]
  [4;36;1mSQL (1.2ms)[0m   [0;1mSET client_min_messages TO 'panic'[0m
  [4;35;1mSQL (0.3ms)[0m   [0mSET client_min_messages TO 'notice'[0m


Processing DesktopController#index (for 127.0.0.1 at 2010-04-15 19:53:51) [GET]
Rendering desktop/index
Completed in 16ms (View: 10, DB: 1) | 200 OK [http://localhost/desktop/]
  [4;36;1mSQL (0.3ms)[0m   [0;1mSET client_min_messages TO 'panic'[0m
  [4;35;1mSQL (0.3ms)[0m   [0mSET client_min_messages TO 'notice'[0m


Processing DesktopController#index (for 127.0.0.1 at 2010-04-15 19:54:09) [GET]
Rendering desktop/index
Completed in 13ms (View: 10, DB: 1) | 200 OK [http://localhost/desktop/]
  [4;36;1mSQL (0.3ms)[0m   [0;1mSET client_min_messages TO 'panic'[0m
  [4;35;1mSQL (0.3ms)[0m   [0mSET client_min_messages TO 'notice'[0m


Processing DesktopController#index (for 127.0.0.1 at 2010-04-15 19:54:34) [GET]
Rendering desktop/index
Completed in 16ms (View: 13, DB: 1) | 200 OK [http://localhost/desktop/]
  [4;36;1mSQL (0.3ms)[0m   [0;1mSET client_min_messages TO 'panic'[0m
  [4;35;1mSQL (0.3ms)[0m   [0mSET client_min_messages TO 'notice'[0m


Processing DesktopController#index (for 127.0.0.1 at 2010-04-15 19:55:00) [GET]
Rendering desktop/index
Completed in 14ms (View: 11, DB: 1) | 200 OK [http://localhost/desktop/]
  [4;36;1mSQL (0.3ms)[0m   [0;1mSET client_min_messages TO 'panic'[0m
  [4;35;1mSQL (0.3ms)[0m   [0mSET client_min_messages TO 'notice'[0m


Processing DesktopController#index (for 127.0.0.1 at 2010-04-15 19:55:02) [GET]
Rendering desktop/index
Completed in 18ms (View: 15, DB: 1) | 200 OK [http://localhost/desktop/]
  [4;36;1mSQL (0.3ms)[0m   [0;1mSET client_min_messages TO 'panic'[0m
  [4;35;1mSQL (0.2ms)[0m   [0mSET client_min_messages TO 'notice'[0m


Processing DesktopController#index (for 192.168.0.102 at 2010-04-15 19:55:16) [GET]
Rendering desktop/index
Completed in 12ms (View: 9, DB: 1) | 200 OK [http://192.168.0.100/desktop]
  [4;36;1mSQL (0.3ms)[0m   [0;1mSET client_min_messages TO 'panic'[0m
  [4;35;1mSQL (0.3ms)[0m   [0mSET client_min_messages TO 'notice'[0m


Processing DesktopController#index (for 127.0.0.1 at 2010-04-15 19:56:28) [GET]
Rendering desktop/index
Completed in 14ms (View: 11, DB: 1) | 200 OK [http://localhost/desktop/]
  [4;36;1mSQL (0.3ms)[0m   [0;1mSET client_min_messages TO 'panic'[0m
  [4;35;1mSQL (0.3ms)[0m   [0mSET client_min_messages TO 'notice'[0m


Processing DesktopController#index (for 127.0.0.1 at 2010-04-15 19:56:37) [GET]
Rendering desktop/index
Completed in 13ms (View: 10, DB: 1) | 200 OK [http://localhost/desktop/]
  [4;36;1mSQL (0.3ms)[0m   [0;1mSET client_min_messages TO 'panic'[0m
  [4;35;1mSQL (0.3ms)[0m   [0mSET client_min_messages TO 'notice'[0m


Processing DesktopController#index (for 127.0.0.1 at 2010-04-15 19:56:54) [GET]
Rendering desktop/index
Completed in 14ms (View: 11, DB: 1) | 200 OK [http://localhost/desktop/]
  [4;36;1mSQL (0.3ms)[0m   [0;1mSET client_min_messages TO 'panic'[0m
  [4;35;1mSQL (0.3ms)[0m   [0mSET client_min_messages TO 'notice'[0m


Processing DesktopController#index (for 192.168.0.102 at 2010-04-15 19:57:03) [GET]
Rendering desktop/index
Completed in 14ms (View: 10, DB: 1) | 200 OK [http://192.168.0.100/desktop]
  [4;36;1mSQL (0.3ms)[0m   [0;1mSET client_min_messages TO 'panic'[0m
  [4;35;1mSQL (0.2ms)[0m   [0mSET client_min_messages TO 'notice'[0m


Processing DesktopController#index (for 192.168.0.102 at 2010-04-15 19:57:21) [GET]
Rendering desktop/index
Completed in 20ms (View: 9, DB: 1) | 200 OK [http://192.168.0.100/desktop]
  [4;36;1mSQL (0.3ms)[0m   [0;1mSET client_min_messages TO 'panic'[0m
  [4;35;1mSQL (0.6ms)[0m   [0mSET client_min_messages TO 'notice'[0m


Processing DesktopController#index (for 127.0.0.1 at 2010-04-15 19:57:57) [GET]
Rendering desktop/index
Completed in 28ms (View: 24, DB: 1) | 200 OK [http://localhost/desktop/]
  [4;36;1mSQL (0.3ms)[0m   [0;1mSET client_min_messages TO 'panic'[0m
  [4;35;1mSQL (2.8ms)[0m   [0mSET client_min_messages TO 'notice'[0m


Processing DesktopController#index (for 127.0.0.1 at 2010-04-15 19:58:06) [GET]
Rendering desktop/index
Completed in 15ms (View: 12, DB: 3) | 200 OK [http://localhost/desktop/]
  [4;36;1mSQL (0.3ms)[0m   [0;1mSET client_min_messages TO 'panic'[0m
  [4;35;1mSQL (0.2ms)[0m   [0mSET client_min_messages TO 'notice'[0m


Processing DesktopController#index (for 127.0.0.1 at 2010-04-15 19:58:07) [GET]
Rendering desktop/index
Completed in 14ms (View: 11, DB: 1) | 200 OK [http://localhost/desktop/]
  [4;36;1mSQL (0.3ms)[0m   [0;1mSET client_min_messages TO 'panic'[0m
  [4;35;1mSQL (0.2ms)[0m   [0mSET client_min_messages TO 'notice'[0m


Processing DesktopController#index (for 127.0.0.1 at 2010-04-15 19:58:15) [GET]
Rendering desktop/index
Completed in 106ms (View: 100, DB: 1) | 200 OK [http://localhost/desktop/]
  [4;36;1mSQL (0.3ms)[0m   [0;1mSET client_min_messages TO 'panic'[0m
  [4;35;1mSQL (0.3ms)[0m   [0mSET client_min_messages TO 'notice'[0m


Processing DesktopController#index (for 127.0.0.1 at 2010-04-15 19:58:29) [GET]
Rendering desktop/index
Completed in 15ms (View: 9, DB: 1) | 200 OK [http://localhost/desktop/]
  [4;36;1mSQL (2.0ms)[0m   [0;1mSET client_min_messages TO 'panic'[0m
  [4;35;1mSQL (0.3ms)[0m   [0mSET client_min_messages TO 'notice'[0m


Processing DesktopController#index (for 127.0.0.1 at 2010-04-15 19:58:37) [GET]
Rendering desktop/index
Completed in 17ms (View: 10, DB: 2) | 200 OK [http://localhost/desktop/]
  [4;36;1mSQL (7.5ms)[0m   [0;1mSET client_min_messages TO 'panic'[0m
  [4;35;1mSQL (0.3ms)[0m   [0mSET client_min_messages TO 'notice'[0m


Processing DesktopController#index (for 127.0.0.1 at 2010-04-15 19:58:48) [GET]
Rendering desktop/index
Completed in 14ms (View: 11, DB: 8) | 200 OK [http://localhost/desktop/]
  [4;36;1mSQL (0.3ms)[0m   [0;1mSET client_min_messages TO 'panic'[0m
  [4;35;1mSQL (0.2ms)[0m   [0mSET client_min_messages TO 'notice'[0m


Processing DesktopController#index (for 127.0.0.1 at 2010-04-15 20:00:11) [GET]
Rendering desktop/index
Completed in 13ms (View: 9, DB: 1) | 200 OK [http://localhost/desktop/]
  [4;36;1mSQL (0.3ms)[0m   [0;1mSET client_min_messages TO 'panic'[0m
  [4;35;1mSQL (0.3ms)[0m   [0mSET client_min_messages TO 'notice'[0m


Processing DesktopController#index (for 127.0.0.1 at 2010-04-15 20:00:54) [GET]
Rendering desktop/index
Completed in 24ms (View: 21, DB: 1) | 200 OK [http://localhost/desktop/]
  [4;36;1mSQL (0.3ms)[0m   [0;1mSET client_min_messages TO 'panic'[0m
  [4;35;1mSQL (0.3ms)[0m   [0mSET client_min_messages TO 'notice'[0m


Processing DesktopController#index (for 127.0.0.1 at 2010-04-15 20:00:55) [GET]
Rendering desktop/index
Completed in 12ms (View: 9, DB: 1) | 200 OK [http://localhost/desktop/]
  [4;36;1mSQL (0.3ms)[0m   [0;1mSET client_min_messages TO 'panic'[0m
  [4;35;1mSQL (0.3ms)[0m   [0mSET client_min_messages TO 'notice'[0m


Processing DesktopController#index (for 127.0.0.1 at 2010-04-15 20:00:55) [GET]
Rendering desktop/index
Completed in 14ms (View: 11, DB: 1) | 200 OK [http://localhost/desktop/]
  [4;36;1mSQL (0.3ms)[0m   [0;1mSET client_min_messages TO 'panic'[0m
  [4;35;1mSQL (0.3ms)[0m   [0mSET client_min_messages TO 'notice'[0m


Processing DesktopController#index (for 127.0.0.1 at 2010-04-15 20:00:56) [GET]
Rendering desktop/index
Completed in 14ms (View: 10, DB: 1) | 200 OK [http://localhost/desktop/]
  [4;36;1mSQL (0.3ms)[0m   [0;1mSET client_min_messages TO 'panic'[0m
  [4;35;1mSQL (0.3ms)[0m   [0mSET client_min_messages TO 'notice'[0m


Processing DesktopController#index (for 127.0.0.1 at 2010-04-15 20:00:56) [GET]
Rendering desktop/index
Completed in 17ms (View: 13, DB: 1) | 200 OK [http://localhost/desktop/]
  [4;36;1mSQL (0.3ms)[0m   [0;1mSET client_min_messages TO 'panic'[0m
  [4;35;1mSQL (0.3ms)[0m   [0mSET client_min_messages TO 'notice'[0m


Processing DesktopController#index (for 192.168.0.102 at 2010-04-15 20:00:57) [GET]
Rendering desktop/index
Completed in 15ms (View: 12, DB: 1) | 200 OK [http://192.168.0.100/desktop]
  [4;36;1mSQL (0.3ms)[0m   [0;1mSET client_min_messages TO 'panic'[0m
  [4;35;1mSQL (0.3ms)[0m   [0mSET client_min_messages TO 'notice'[0m


Processing DesktopController#index (for 127.0.0.1 at 2010-04-15 20:01:07) [GET]
Rendering desktop/index
Completed in 15ms (View: 12, DB: 1) | 200 OK [http://localhost/desktop/]
  [4;36;1mSQL (0.3ms)[0m   [0;1mSET client_min_messages TO 'panic'[0m
  [4;35;1mSQL (0.3ms)[0m   [0mSET client_min_messages TO 'notice'[0m


Processing DesktopController#index (for 127.0.0.1 at 2010-04-15 20:01:08) [GET]
Rendering desktop/index
Completed in 17ms (View: 15, DB: 1) | 200 OK [http://localhost/desktop/]
  [4;36;1mSQL (0.3ms)[0m   [0;1mSET client_min_messages TO 'panic'[0m
  [4;35;1mSQL (0.2ms)[0m   [0mSET client_min_messages TO 'notice'[0m


Processing DesktopController#index (for 127.0.0.1 at 2010-04-15 20:01:15) [GET]
Rendering desktop/index
Completed in 14ms (View: 11, DB: 1) | 200 OK [http://localhost/desktop/]
  [4;36;1mSQL (0.3ms)[0m   [0;1mSET client_min_messages TO 'panic'[0m
  [4;35;1mSQL (0.3ms)[0m   [0mSET client_min_messages TO 'notice'[0m


Processing DesktopController#index (for 127.0.0.1 at 2010-04-15 20:01:23) [GET]
Rendering desktop/index
Completed in 14ms (View: 11, DB: 1) | 200 OK [http://localhost/desktop/]
